<?xml version="1.0" encoding="UTF-8"?>
<robot generator="Robot 3.2.2 (Python 3.7.9 on win32)" generated="20210907 21:45:59.863" rpa="false">
<suite id="s1" name="Stly Sanity" source="C:\Users\chunter4\Documents\GitHub\stly_demo\UI_Regression\Stly_Sanity.robot">
<kw name="Set URL And User Credentials" library="Resource" type="setup">
<kw name="Run Keyword If" library="BuiltIn">
<doc>Runs the given keyword with the given arguments, if ``condition`` is true.</doc>
<arguments>
<arg>'${ENVIRONMENT}'=='Staging'</arg>
<arg>Set Global Variable</arg>
<arg>${URL}</arg>
<arg>https://staging-newtargetview.sightly.com/</arg>
</arguments>
<kw name="Set Global Variable" library="BuiltIn">
<doc>Makes a variable available globally in all tests and suites.</doc>
<arguments>
<arg>${URL}</arg>
<arg>https://staging-newtargetview.sightly.com/</arg>
</arguments>
<msg timestamp="20210907 21:46:01.189" level="INFO">${URL} = https://staging-newtargetview.sightly.com/</msg>
<status status="PASS" starttime="20210907 21:46:01.189" endtime="20210907 21:46:01.190"></status>
</kw>
<status status="PASS" starttime="20210907 21:46:01.189" endtime="20210907 21:46:01.190"></status>
</kw>
<kw name="Log" library="BuiltIn">
<doc>Logs the given message with the given level.</doc>
<arguments>
<arg>URL to execute against: ${URL}</arg>
<arg>console=yes</arg>
</arguments>
<msg timestamp="20210907 21:46:01.190" level="INFO">URL to execute against: https://staging-newtargetview.sightly.com/</msg>
<status status="PASS" starttime="20210907 21:46:01.190" endtime="20210907 21:46:01.190"></status>
</kw>
<status status="PASS" starttime="20210907 21:46:01.189" endtime="20210907 21:46:01.190"></status>
</kw>
<test id="s1-t1" name="Order Sanity Test">
<kw name="Set Selenium Timeout" library="Selenium2Library" type="setup">
<doc>Sets the timeout that is used by various keywords.</doc>
<arguments>
<arg>${STD_WAIT}</arg>
</arguments>
<status status="PASS" starttime="20210907 21:46:01.191" endtime="20210907 21:46:01.191"></status>
</kw>
<kw name="Create Browser Instance" library="Resource">
<arguments>
<arg>${URL}</arg>
</arguments>
<kw name="Set Global Variable" library="BuiltIn">
<doc>Makes a variable available globally in all tests and suites.</doc>
<arguments>
<arg>${global_downloadDir}</arg>
<arg>C:\\Users\\chunter4\\Documents\\GitHub\\stly_demo\\TestData\\Downloads</arg>
</arguments>
<msg timestamp="20210907 21:46:01.193" level="INFO">${global_downloadDir} = C:\Users\chunter4\Documents\GitHub\stly_demo\TestData\Downloads</msg>
<status status="PASS" starttime="20210907 21:46:01.192" endtime="20210907 21:46:01.193"></status>
</kw>
<kw name="Open Browser" library="Selenium2Library">
<doc>Opens a new browser instance to the optional ``url``.</doc>
<arguments>
<arg>${Link}</arg>
<arg>${BROWSER}</arg>
<arg>options=add_argument("--ignore-certificate-errors"); add_experimental_option("download.prompt_for_download", ${False});</arg>
<arg>add_experimental_option("download.default_directory", ${global_downloadDir})</arg>
</arguments>
<msg timestamp="20210907 21:46:01.193" level="FAIL">Keyword 'Selenium2Library.Open Browser' got positional argument after named arguments.</msg>
<status status="FAIL" starttime="20210907 21:46:01.193" endtime="20210907 21:46:01.193"></status>
</kw>
<status status="FAIL" starttime="20210907 21:46:01.192" endtime="20210907 21:46:01.193"></status>
</kw>
<status status="FAIL" starttime="20210907 21:46:01.190" endtime="20210907 21:46:01.194" critical="yes">Keyword 'Selenium2Library.Open Browser' got positional argument after named arguments.</status>
</test>
<kw name="Close All Browsers" library="Selenium2Library" type="teardown">
<doc>Closes all open browsers and resets the browser cache.</doc>
<status status="PASS" starttime="20210907 21:46:01.197" endtime="20210907 21:46:01.197"></status>
</kw>
<doc>Sightly Sanity Test Suite</doc>
<status status="FAIL" starttime="20210907 21:45:59.866" endtime="20210907 21:46:01.197"></status>
</suite>
<statistics>
<total>
<stat pass="0" fail="1">Critical Tests</stat>
<stat pass="0" fail="1">All Tests</stat>
</total>
<tag>
</tag>
<suite>
<stat pass="0" fail="1" id="s1" name="Stly Sanity">Stly Sanity</stat>
</suite>
</statistics>
<errors>
</errors>
</robot>
